Using pre-set license
Built from '2021.3/staging' branch; Version is '2021.3.9f1 (ad3870b89536) revision 11352176'; Using compiler version '192829333'; Build Type 'Release'
OS: 'Windows 10  (10.0.19044) 64bit Core' Language: 'en' Physical Memory: 16308 MB
BatchMode: 1, IsHumanControllingUs: 0, StartBugReporterOnCrash: 0, Is64bit: 1, IsPro: 1

COMMAND LINE ARGUMENTS:
C:\Program Files\Unity\Hub\Editor\2021.3.9f1\Editor\Unity.exe
-adb2
-batchMode
-noUpm
-name
AssetImportWorker2
-projectPath
C:/Users/fishw/OneDrive/Documents/GitHub/JuniorGameFall/TS
-logFile
Logs/AssetImportWorker2.log
-srvPort
59795
Successfully changed project path to: C:/Users/fishw/OneDrive/Documents/GitHub/JuniorGameFall/TS
C:/Users/fishw/OneDrive/Documents/GitHub/JuniorGameFall/TS
[UnityMemory] Configuration Parameters - Can be set up in boot.config
    "memorysetup-bucket-allocator-granularity=16"
    "memorysetup-bucket-allocator-bucket-count=8"
    "memorysetup-bucket-allocator-block-size=33554432"
    "memorysetup-bucket-allocator-block-count=8"
    "memorysetup-main-allocator-block-size=16777216"
    "memorysetup-thread-allocator-block-size=16777216"
    "memorysetup-gfx-main-allocator-block-size=16777216"
    "memorysetup-gfx-thread-allocator-block-size=16777216"
    "memorysetup-cache-allocator-block-size=4194304"
    "memorysetup-typetree-allocator-block-size=2097152"
    "memorysetup-profiler-bucket-allocator-granularity=16"
    "memorysetup-profiler-bucket-allocator-bucket-count=8"
    "memorysetup-profiler-bucket-allocator-block-size=33554432"
    "memorysetup-profiler-bucket-allocator-block-count=8"
    "memorysetup-profiler-allocator-block-size=16777216"
    "memorysetup-profiler-editor-allocator-block-size=1048576"
    "memorysetup-temp-allocator-size-main=16777216"
    "memorysetup-job-temp-allocator-block-size=2097152"
    "memorysetup-job-temp-allocator-block-size-background=1048576"
    "memorysetup-job-temp-allocator-reduction-small-platforms=262144"
    "memorysetup-temp-allocator-size-background-worker=32768"
    "memorysetup-temp-allocator-size-job-worker=262144"
    "memorysetup-temp-allocator-size-preload-manager=33554432"
    "memorysetup-temp-allocator-size-nav-mesh-worker=65536"
    "memorysetup-temp-allocator-size-audio-worker=65536"
    "memorysetup-temp-allocator-size-cloud-worker=32768"
    "memorysetup-temp-allocator-size-gi-baking-worker=262144"
    "memorysetup-temp-allocator-size-gfx=262144"
Refreshing native plugins compatible for Editor in 70.85 ms, found 2 plugins.
Preloading 0 native plugins for Editor in 0.00 ms.
Initialize engine version: 2021.3.9f1 (ad3870b89536)
[Subsystems] Discovering subsystems at path C:/Program Files/Unity/Hub/Editor/2021.3.9f1/Editor/Data/Resources/UnitySubsystems
[Subsystems] Discovering subsystems at path C:/Users/fishw/OneDrive/Documents/GitHub/JuniorGameFall/TS/Assets
GfxDevice: creating device client; threaded=0; jobified=0
Direct3D:
    Version:  Direct3D 11.0 [level 11.1]
    Renderer: NVIDIA GeForce RTX 3060 (ID=0x2504)
    Vendor:   NVIDIA
    VRAM:     12142 MB
    Driver:   30.0.15.1277
Initialize mono
Mono path[0] = 'C:/Program Files/Unity/Hub/Editor/2021.3.9f1/Editor/Data/Managed'
Mono path[1] = 'C:/Program Files/Unity/Hub/Editor/2021.3.9f1/Editor/Data/MonoBleedingEdge/lib/mono/unityjit-win32'
Mono config path = 'C:/Program Files/Unity/Hub/Editor/2021.3.9f1/Editor/Data/MonoBleedingEdge/etc'
Using monoOptions --debugger-agent=transport=dt_socket,embedding=1,server=y,suspend=n,address=127.0.0.1:56748
Begin MonoManager ReloadAssembly
Registering precompiled unity dll's ...
Register platform support module: C:/Program Files/Unity/Hub/Editor/2021.3.9f1/Editor/Data/PlaybackEngines/AndroidPlayer/UnityEditor.Android.Extensions.dll
Register platform support module: C:/Program Files/Unity/Hub/Editor/2021.3.9f1/Editor/Data/PlaybackEngines/iOSSupport/UnityEditor.iOS.Extensions.dll
Register platform support module: C:/Program Files/Unity/Hub/Editor/2021.3.9f1/Editor/Data/PlaybackEngines/WindowsStandaloneSupport/UnityEditor.WindowsStandalone.Extensions.dll
Registered in 0.009167 seconds.
Native extension for WindowsStandalone target not found
[usbmuxd] Start listen thread
[usbmuxd] Listen thread started
Native extension for iOS target not found
Native extension for Android target not found
Refreshing native plugins compatible for Editor in 66.46 ms, found 2 plugins.
Preloading 0 native plugins for Editor in 0.00 ms.
Mono: successfully reloaded assembly
- Completed reload, in  0.519 seconds
Domain Reload Profiling:
	ReloadAssembly (520ms)
		BeginReloadAssembly (56ms)
			ExecutionOrderSort (0ms)
			DisableScriptedObjects (0ms)
			BackupInstance (0ms)
			ReleaseScriptingObjects (0ms)
			CreateAndSetChildDomain (1ms)
		EndReloadAssembly (369ms)
			LoadAssemblies (54ms)
			RebuildTransferFunctionScriptingTraits (0ms)
			SetupTypeCache (85ms)
			ReleaseScriptCaches (0ms)
			RebuildScriptCaches (19ms)
			SetupLoadedEditorAssemblies (228ms)
				LogAssemblyErrors (0ms)
				InitializePlatformSupportModulesInManaged (49ms)
				SetLoadedEditorAssemblies (0ms)
				RefreshPlugins (67ms)
				BeforeProcessingInitializeOnLoad (1ms)
				ProcessInitializeOnLoadAttributes (80ms)
				ProcessInitializeOnLoadMethodAttributes (31ms)
				AfterProcessingInitializeOnLoad (0ms)
				EditorAssembliesLoaded (0ms)
			ExecutionOrderSort2 (0ms)
			AwakeInstancesAfterBackupRestoration (0ms)
Platform modules already initialized, skipping
Registering precompiled user dll's ...
Registered in 0.004387 seconds.
Begin MonoManager ReloadAssembly
Symbol file LoadedFromMemory doesn't match image C:\Users\fishw\OneDrive\Documents\GitHub\JuniorGameFall\TS\Library\PackageCache\com.unity.visualscripting@1.7.8\Editor\VisualScripting.Core\Dependencies\YamlDotNet\Unity.VisualScripting.YamlDotNet.dll
Symbol file LoadedFromMemory doesn't match image C:\Users\fishw\OneDrive\Documents\GitHub\JuniorGameFall\TS\Library\PackageCache\com.unity.visualscripting@1.7.8\Editor\VisualScripting.Core\Dependencies\DotNetZip\Unity.VisualScripting.IonicZip.dll
Native extension for WindowsStandalone target not found
Native extension for iOS target not found
Native extension for Android target not found
Refreshing native plugins compatible for Editor in 0.57 ms, found 2 plugins.
Preloading 0 native plugins for Editor in 0.00 ms.
Mono: successfully reloaded assembly
Package Manager log level set to [2]
- Completed reload, in  0.674 seconds
Domain Reload Profiling:
	ReloadAssembly (674ms)
		BeginReloadAssembly (85ms)
			ExecutionOrderSort (0ms)
			DisableScriptedObjects (5ms)
			BackupInstance (0ms)
			ReleaseScriptingObjects (0ms)
			CreateAndSetChildDomain (17ms)
		EndReloadAssembly (505ms)
			LoadAssemblies (61ms)
			RebuildTransferFunctionScriptingTraits (0ms)
			SetupTypeCache (138ms)
			ReleaseScriptCaches (0ms)
			RebuildScriptCaches (35ms)
			SetupLoadedEditorAssemblies (239ms)
				LogAssemblyErrors (0ms)
				InitializePlatformSupportModulesInManaged (19ms)
				SetLoadedEditorAssemblies (0ms)
				RefreshPlugins (1ms)
				BeforeProcessingInitializeOnLoad (77ms)
				ProcessInitializeOnLoadAttributes (122ms)
				ProcessInitializeOnLoadMethodAttributes (14ms)
				AfterProcessingInitializeOnLoad (7ms)
				EditorAssembliesLoaded (0ms)
			ExecutionOrderSort2 (0ms)
			AwakeInstancesAfterBackupRestoration (4ms)
Platform modules already initialized, skipping
========================================================================
Worker process is ready to serve import requests
Launched and connected shader compiler UnityShaderCompiler.exe after 0.03 seconds
Refreshing native plugins compatible for Editor in 0.75 ms, found 2 plugins.
Preloading 0 native plugins for Editor in 0.00 ms.
Unloading 3467 Unused Serialized files (Serialized files now loaded: 0)
Unloading 50 unused Assets / (128.3 KB). Loaded Objects now: 3914.
Memory consumption went from 131.9 MB to 131.7 MB.
Total: 4.149400 ms (FindLiveObjects: 0.551600 ms CreateObjectMapping: 0.388100 ms MarkObjects: 3.090600 ms  DeleteObjects: 0.117800 ms)

AssetImportParameters requested are different than current active one (requested -> active):
  custom:video-decoder-ogg-theora: a1e56fd34408186e4bbccfd4996cb3dc -> 
  custom:container-muxer-webm: aa71ff27fc2769a1b78a27578f13a17b -> 
  custom:container-demuxer-webm: 4f35f7cbe854078d1ac9338744f61a02 -> 
  custom:video-encoder-webm-vp8: eb34c28f22e8b96e1ab97ce403110664 -> 
  custom:audio-encoder-webm-vorbis: bf7c407c2cedff20999df2af8eb42d56 -> 
  custom:framework-win-MediaFoundation: 216162199b28c13a410421893ffa2e32 -> 
  custom:container-demuxer-ogg: 62fdf1f143b41e24485cea50d1cbac27 -> 
  custom:video-decoder-webm-vp8: 9c59270c3fd7afecdb556c50c9e8de78 -> 
  custom:audio-decoder-ogg-vorbis: bf7c407c2cedff20999df2af8eb42d56 -> 
========================================================================
Received Import Request.
  Time since last request: 22607.507388 seconds.
  path: Assets/Materials/Materials/Scene1Geo_sceneMat_BaseMap.1001.mat
  artifactKey: Guid(902886ce47fb5d5428905f8a377bfa5a) Importer(815301076,1909f56bfc062723c751e8b465ee728b)
Start importing Assets/Materials/Materials/Scene1Geo_sceneMat_BaseMap.1001.mat using Guid(902886ce47fb5d5428905f8a377bfa5a) Importer(815301076,1909f56bfc062723c751e8b465ee728b)  -> (artifact id: '3719fa578a4c9f2bd54e47051b605ebb') in 0.103692 seconds 
========================================================================
Received Import Request.
  Time since last request: 18.842009 seconds.
  path: Assets/Materials/Materials
  artifactKey: Guid(014e49e3b6796754aad209f1a729b29c) Importer(815301076,1909f56bfc062723c751e8b465ee728b)
Start importing Assets/Materials/Materials using Guid(014e49e3b6796754aad209f1a729b29c) Importer(815301076,1909f56bfc062723c751e8b465ee728b)  -> (artifact id: 'ba92c4baac9a569561c69b7160f09cf7') in 0.001881 seconds 
========================================================================
Received Import Request.
  Time since last request: 94.144200 seconds.
  path: Assets/Models/Scene1Geo.fbx
  artifactKey: Guid(c0d033bbfc068da44802b3b5833ffb0c) Importer(815301076,1909f56bfc062723c751e8b465ee728b)
Start importing Assets/Models/Scene1Geo.fbx using Guid(c0d033bbfc068da44802b3b5833ffb0c) Importer(815301076,1909f56bfc062723c751e8b465ee728b)  -> (artifact id: 'bf6829caa99f5c8256dca7bcd88c54c0') in 0.084763 seconds 
========================================================================
Received Import Request.
  Time since last request: 14.537114 seconds.
  path: Assets/Materials/SceneMat.mat
  artifactKey: Guid(e11c40bf74ece134d956ff032a495bbe) Importer(815301076,1909f56bfc062723c751e8b465ee728b)
Start importing Assets/Materials/SceneMat.mat using Guid(e11c40bf74ece134d956ff032a495bbe) Importer(815301076,1909f56bfc062723c751e8b465ee728b)  -> (artifact id: '1ce032879392611e34e108d41a5f2ff1') in 0.010821 seconds 
========================================================================
Received Import Request.
  Time since last request: 35.588584 seconds.
  path: Assets/Models/Scene1Geo.fbx
  artifactKey: Guid(c0d033bbfc068da44802b3b5833ffb0c) Importer(815301076,1909f56bfc062723c751e8b465ee728b)
Start importing Assets/Models/Scene1Geo.fbx using Guid(c0d033bbfc068da44802b3b5833ffb0c) Importer(815301076,1909f56bfc062723c751e8b465ee728b)  -> (artifact id: 'fa130652db2cf1b1acc8e736f6f9816c') in 0.060675 seconds 
========================================================================
Received Import Request.
  Time since last request: 11.899431 seconds.
  path: Assets/Materials/Teddymat.mat
  artifactKey: Guid(a164d5eb06c70df44bfe47a34ef528ca) Importer(815301076,1909f56bfc062723c751e8b465ee728b)
Start importing Assets/Materials/Teddymat.mat using Guid(a164d5eb06c70df44bfe47a34ef528ca) Importer(815301076,1909f56bfc062723c751e8b465ee728b)  -> (artifact id: '2dcdc4599e6c3d1039785e720818928c') in 0.015563 seconds 
========================================================================
Received Import Request.
  Time since last request: 14.448741 seconds.
  path: Assets/Models/Scene1Geo.fbx
  artifactKey: Guid(c0d033bbfc068da44802b3b5833ffb0c) Importer(815301076,1909f56bfc062723c751e8b465ee728b)
Start importing Assets/Models/Scene1Geo.fbx using Guid(c0d033bbfc068da44802b3b5833ffb0c) Importer(815301076,1909f56bfc062723c751e8b465ee728b)  -> (artifact id: '864b045a84e71597be32f301db35bb6d') in 0.061047 seconds 
========================================================================
Received Import Request.
  Time since last request: 79.941860 seconds.
  path: Assets/Materials/FloorMat.mat
  artifactKey: Guid(40c0ec1f257f45f448fcd5cd6c26c097) Importer(815301076,1909f56bfc062723c751e8b465ee728b)
Start importing Assets/Materials/FloorMat.mat using Guid(40c0ec1f257f45f448fcd5cd6c26c097) Importer(815301076,1909f56bfc062723c751e8b465ee728b)  -> (artifact id: '1d21ff4a6c3688a2e8850bcda4fc3b11') in 0.010658 seconds 
========================================================================
Received Import Request.
  Time since last request: 47.624343 seconds.
  path: Assets/Materials/Scene1Geo_sceneMat_Normal.1001.png
  artifactKey: Guid(437f76af1ec12af46b4f22d5c9698131) Importer(815301076,1909f56bfc062723c751e8b465ee728b)
Start importing Assets/Materials/Scene1Geo_sceneMat_Normal.1001.png using Guid(437f76af1ec12af46b4f22d5c9698131) Importer(815301076,1909f56bfc062723c751e8b465ee728b)  -> (artifact id: 'c992444057dc686e7529b092583544ca') in 0.023383 seconds 
========================================================================
Received Import Request.
  Time since last request: 28.828719 seconds.
  path: Assets/Materials/Scene1Geo_teddyMat_Normal.1001.png
  artifactKey: Guid(31732cc29b632b145b11cb95450f5a2d) Importer(815301076,1909f56bfc062723c751e8b465ee728b)
Start importing Assets/Materials/Scene1Geo_teddyMat_Normal.1001.png using Guid(31732cc29b632b145b11cb95450f5a2d) Importer(815301076,1909f56bfc062723c751e8b465ee728b)  -> (artifact id: '130d5ee505038f5c1ea293bc279fe378') in 0.013196 seconds 
========================================================================
Received Prepare
Registering precompiled user dll's ...
Registered in 0.004236 seconds.
Begin MonoManager ReloadAssembly
Symbol file LoadedFromMemory doesn't match image C:\Users\fishw\OneDrive\Documents\GitHub\JuniorGameFall\TS\Library\PackageCache\com.unity.visualscripting@1.7.8\Editor\VisualScripting.Core\Dependencies\YamlDotNet\Unity.VisualScripting.YamlDotNet.dll
Symbol file LoadedFromMemory doesn't match image C:\Users\fishw\OneDrive\Documents\GitHub\JuniorGameFall\TS\Library\PackageCache\com.unity.visualscripting@1.7.8\Editor\VisualScripting.Core\Dependencies\DotNetZip\Unity.VisualScripting.IonicZip.dll
Native extension for WindowsStandalone target not found
Native extension for iOS target not found
Native extension for Android target not found
Refreshing native plugins compatible for Editor in 0.77 ms, found 2 plugins.
Preloading 0 native plugins for Editor in 0.00 ms.
[ScriptCompilation] NOT recompiling all scripts because this is an import worker process. Reason to compile was: Define symbols changed
Error saving file Library/StateCache/LayerSettings/9e/9ecc5c3c162a7aba29bafa64c8b94b7c.json. Error: System.IO.IOException: Sharing violation on path C:\Users\fishw\OneDrive\Documents\GitHub\JuniorGameFall\TS\Library\StateCache\LayerSettings\9e\9ecc5c3c162a7aba29bafa64c8b94b7c.json
  at System.IO.FileStream..ctor (System.String path, System.IO.FileMode mode, System.IO.FileAccess access, System.IO.FileShare share, System.Int32 bufferSize, System.Boolean anonymous, System.IO.FileOptions options) [0x0019e] in <9aad1b3a47484d63ba2b3985692d80e9>:0 
  at System.IO.FileStream..ctor (System.String path, System.IO.FileMode mode, System.IO.FileAccess access, System.IO.FileShare share, System.Int32 bufferSize, System.IO.FileOptions options) [0x00000] in <9aad1b3a47484d63ba2b3985692d80e9>:0 
  at (wrapper remoting-invoke-with-check) System.IO.FileStream..ctor(string,System.IO.FileMode,System.IO.FileAccess,System.IO.FileShare,int,System.IO.FileOptions)
  at System.IO.StreamWriter..ctor (System.String path, System.Boolean append, System.Text.Encoding encoding, System.Int32 bufferSize) [0x00055] in <9aad1b3a47484d63ba2b3985692d80e9>:0 
  at System.IO.StreamWriter..ctor (System.String path, System.Boolean append, System.Text.Encoding encoding) [0x00000] in <9aad1b3a47484d63ba2b3985692d80e9>:0 
  at (wrapper remoting-invoke-with-check) System.IO.StreamWriter..ctor(string,bool,System.Text.Encoding)
  at System.IO.File.WriteAllText (System.String path, System.String contents, System.Text.Encoding encoding) [0x00034] in <9aad1b3a47484d63ba2b3985692d80e9>:0 
  at UnityEditor.StateCache`1[T].SetState (UnityEngine.Hash128 key, T obj) [0x0004b] in <0d6ce211ebbc47e1a35a84c3672ff58f>:0 
UnityEngine.StackTraceUtility:ExtractStackTrace ()
UnityEngine.DebugLogHandler:LogFormat (UnityEngine.LogType,UnityEngine.Object,string,object[])
UnityEngine.Logger:Log (UnityEngine.LogType,object)
UnityEngine.Debug:LogError (object)
UnityEditor.StateCache`1<UnityEditor.Tools/LayerSettings>:SetState (UnityEngine.Hash128,UnityEditor.Tools/LayerSettings)
UnityEditor.Tools:set_lockedLayers (int)
UnityEditor.Tools:OnEnable ()
UnityEngine.ScriptableObject:CreateInstance (System.Type)
UnityEngine.ScriptableObject:CreateInstance<UnityEditor.Tools> ()
UnityEditor.Tools:get_get ()
UnityEditor.Tools:get_visibleLayers ()
UnityEditor.Animations.Rigging.BoneRendererUtils:.cctor () (at Library/PackageCache/com.unity.animation.rigging@1.1.1/Editor/Utils/BoneRendererUtils.cs:121)
System.Runtime.CompilerServices.RuntimeHelpers:RunClassConstructor (System.RuntimeTypeHandle)
UnityEditor.EditorAssemblies:ProcessInitializeOnLoadAttributes (System.Type[])

(Filename: Library/PackageCache/com.unity.animation.rigging@1.1.1/Editor/Utils/BoneRendererUtils.cs Line: 121)

Mono: successfully reloaded assembly
- Completed reload, in  0.700 seconds
Domain Reload Profiling:
	ReloadAssembly (700ms)
		BeginReloadAssembly (101ms)
			ExecutionOrderSort (0ms)
			DisableScriptedObjects (3ms)
			BackupInstance (0ms)
			ReleaseScriptingObjects (0ms)
			CreateAndSetChildDomain (27ms)
		EndReloadAssembly (520ms)
			LoadAssemblies (64ms)
			RebuildTransferFunctionScriptingTraits (0ms)
			SetupTypeCache (137ms)
			ReleaseScriptCaches (1ms)
			RebuildScriptCaches (28ms)
			SetupLoadedEditorAssemblies (253ms)
				LogAssemblyErrors (0ms)
				InitializePlatformSupportModulesInManaged (28ms)
				SetLoadedEditorAssemblies (0ms)
				RefreshPlugins (1ms)
				BeforeProcessingInitializeOnLoad (64ms)
				ProcessInitializeOnLoadAttributes (132ms)
				ProcessInitializeOnLoadMethodAttributes (19ms)
				AfterProcessingInitializeOnLoad (9ms)
				EditorAssembliesLoaded (0ms)
			ExecutionOrderSort2 (0ms)
			AwakeInstancesAfterBackupRestoration (9ms)
Platform modules already initialized, skipping
Refreshing native plugins compatible for Editor in 4.30 ms, found 2 plugins.
Preloading 0 native plugins for Editor in 0.00 ms.
Unloading 3593 Unused Serialized files (Serialized files now loaded: 0)
Unloading 71 unused Assets / (3.3 MB). Loaded Objects now: 4069.
Memory consumption went from 146.9 MB to 143.6 MB.
Total: 3.481500 ms (FindLiveObjects: 0.247800 ms CreateObjectMapping: 0.161300 ms MarkObjects: 2.132000 ms  DeleteObjects: 0.939600 ms)

AssetImportParameters requested are different than current active one (requested -> active):
  custom:video-decoder-ogg-theora: a1e56fd34408186e4bbccfd4996cb3dc -> 
  custom:container-muxer-webm: aa71ff27fc2769a1b78a27578f13a17b -> 
  custom:container-demuxer-webm: 4f35f7cbe854078d1ac9338744f61a02 -> 
  custom:video-encoder-webm-vp8: eb34c28f22e8b96e1ab97ce403110664 -> 
  custom:audio-encoder-webm-vorbis: bf7c407c2cedff20999df2af8eb42d56 -> 
  custom:framework-win-MediaFoundation: 216162199b28c13a410421893ffa2e32 -> 
  custom:container-demuxer-ogg: 62fdf1f143b41e24485cea50d1cbac27 -> 
  custom:video-decoder-webm-vp8: 9c59270c3fd7afecdb556c50c9e8de78 -> 
  custom:audio-decoder-ogg-vorbis: bf7c407c2cedff20999df2af8eb42d56 -> 
========================================================================
Received Import Request.
  Time since last request: 699.462809 seconds.
  path: Assets/Materials/FloorMat.mat
  artifactKey: Guid(40c0ec1f257f45f448fcd5cd6c26c097) Importer(815301076,1909f56bfc062723c751e8b465ee728b)
Start importing Assets/Materials/FloorMat.mat using Guid(40c0ec1f257f45f448fcd5cd6c26c097) Importer(815301076,1909f56bfc062723c751e8b465ee728b)  -> (artifact id: 'ad0d591b9af8f689b2281e7da5b588e0') in 0.245734 seconds 
========================================================================
Received Import Request.
  Time since last request: 0.000020 seconds.
  path: Assets/Materials/Teddymat.mat
  artifactKey: Guid(a164d5eb06c70df44bfe47a34ef528ca) Importer(815301076,1909f56bfc062723c751e8b465ee728b)
Start importing Assets/Materials/Teddymat.mat using Guid(a164d5eb06c70df44bfe47a34ef528ca) Importer(815301076,1909f56bfc062723c751e8b465ee728b)  -> (artifact id: '17181ca4378a723537fbb0d59b7a0d88') in 0.029006 seconds 
